<?xml version="1.0" encoding="UTF-8" ?>
<testsuite failures="0" time="13.244" errors="0" skipped="0" tests="1" name="TestSuite">
  <properties>
    <property name="java.vendor" value="Oracle Corporation"/>
    <property name="JOB_NAME" value="WebdriverTest"/>
    <property name="sun.java.launcher" value="SUN_STANDARD"/>
    <property name="windows_tracing_logfile" value="C:\BVTBin\Tests\installpackage\csilogfile.log"/>
    <property name="NUMBER_OF_PROCESSORS" value="8"/>
    <property name="sun.management.compiler" value="HotSpot 64-Bit Tiered Compilers"/>
    <property name="VS90COMNTOOLS" value="C:\Program Files (x86)\Microsoft Visual Studio 9.0\Common7\Tools\"/>
    <property name="JENKINS_HOME" value="C:\Users\nirupam.ghosh\.jenkins"/>
    <property name="HUDSON_SERVER_COOKIE" value="31bf9f8d7aafbc35"/>
    <property name="CAI_CAFT" value="C:\Program Files (x86)\CA\SC\CAM"/>
    <property name="os.name" value="Windows 7"/>
    <property name="sun.boot.class.path" value="C:\Java\jdk1.7.0_71\jre\lib\resources.jar;C:\Java\jdk1.7.0_71\jre\lib\rt.jar;C:\Java\jdk1.7.0_71\jre\lib\sunrsasign.jar;C:\Java\jdk1.7.0_71\jre\lib\jsse.jar;C:\Java\jdk1.7.0_71\jre\lib\jce.jar;C:\Java\jdk1.7.0_71\jre\lib\charsets.jar;C:\Java\jdk1.7.0_71\jre\lib\jfr.jar;C:\Java\jdk1.7.0_71\jre\classes"/>
    <property name="EXECUTOR_NUMBER" value="1"/>
    <property name="sun.desktop" value="windows"/>
    <property name="PATHEXT" value=".COM;.EXE;.BAT;.CMD;.VBS;.VBE;.JS;.JSE;.WSF;.WSH;.MSC"/>
    <property name="java.vm.specification.vendor" value="Oracle Corporation"/>
    <property name="NODE_LABELS" value="master"/>
    <property name="TEMP" value="C:\Users\NIRUPA~1.GHO\AppData\Local\Temp"/>
    <property name="java.runtime.version" value="1.7.0_71-b14"/>
    <property name="ANT_HOME" value="E:\Nirupam\Note-2\ANT\apache-ant-1.9.4"/>
    <property name="user.name" value="Nirupam.Ghosh"/>
    <property name="guice.disable.misplaced.annotation.check" value="true"/>
    <property name="CommonProgramW6432" value="C:\Program Files\Common Files"/>
    <property name="ProgramFiles" value="C:\Program Files"/>
    <property name="PROMPT" value="$P$G"/>
    <property name="user.language" value="en"/>
    <property name="BUILD_DISPLAY_NAME" value="#1"/>
    <property name="sun.boot.library.path" value="C:\Java\jdk1.7.0_71\jre\bin"/>
    <property name="Android_Home" value="D:\Android\adt-bundle-windows-x86_64-20140702\sdk"/>
    <property name="LOCALAPPDATA" value="C:\Users\nirupam.ghosh\AppData\Local"/>
    <property name="java.version" value="1.7.0_71"/>
    <property name="PROCESSOR_LEVEL" value="6"/>
    <property name="user.timezone" value="Asia/Calcutta"/>
    <property name="USERNAME" value="Nirupam.Ghosh"/>
    <property name="sun.arch.data.model" value="64"/>
    <property name="NODE_NAME" value="master"/>
    <property name="java.endorsed.dirs" value="C:\Java\jdk1.7.0_71\jre\lib\endorsed"/>
    <property name="BUILD_ID" value="1"/>
    <property name="sun.cpu.isalist" value="amd64"/>
    <property name="sun.jnu.encoding" value="Cp1252"/>
    <property name="file.encoding.pkg" value="sun.io"/>
    <property name="file.separator" value="\"/>
    <property name="java.specification.name" value="Java Platform API Specification"/>
    <property name="HOMEDRIVE" value="C:"/>
    <property name="java.class.version" value="51.0"/>
    <property name="=::" value="::\"/>
    <property name="QTJAVA" value="C:\Program Files (x86)\QuickTime\QTSystem\QTJava.zip"/>
    <property name="org.slf4j.simpleLogger.defaultLogLevel" value="info"/>
    <property name="user.country" value="US"/>
    <property name="ALLUSERSPROFILE" value="C:\ProgramData"/>
    <property name="java.home" value="C:\Java\jdk1.7.0_71\jre"/>
    <property name="java.vm.info" value="mixed mode"/>
    <property name="os.version" value="6.1"/>
    <property name="TMP" value="C:\Users\NIRUPA~1.GHO\AppData\Local\Temp"/>
    <property name="path.separator" value=";"/>
    <property name="java.vm.version" value="24.71-b01"/>
    <property name="user.variant" value=""/>
    <property name="CommonProgramFiles(x86)" value="C:\Program Files (x86)\Common Files"/>
    <property name="java.awt.printerjob" value="sun.awt.windows.WPrinterJob"/>
    <property name="FP_NO_HOST_CHECK" value="NO"/>
    <property name="JAVA_HOME" value="C:\Java\jdk1.7.0_71"/>
    <property name="sun.io.unicode.encoding" value="UnicodeLittle"/>
    <property name="CommonProgramFiles" value="C:\Program Files\Common Files"/>
    <property name="ComSpec" value="C:\Windows\system32\cmd.exe"/>
    <property name="HOMEPATH" value="\Users\nirupam.ghosh"/>
    <property name="awt.toolkit" value="sun.awt.windows.WToolkit"/>
    <property name="USERDNSDOMAIN" value="SATS.CORP"/>
    <property name="COMPUTERNAME" value="IN3648-01"/>
    <property name="user.script" value=""/>
    <property name="asl.log" value="Destination=file"/>
    <property name="user.home" value="C:\Users\nirupam.ghosh"/>
    <property name="PUBLIC" value="C:\Users\Public"/>
    <property name="BUILD_TAG" value="jenkins-WebdriverTest-1"/>
    <property name="JENKINS_SERVER_COOKIE" value="31bf9f8d7aafbc35"/>
    <property name="=E:" value="E:\Jenkins\jekin"/>
    <property name="HUDSON_URL" value="http://localhost:8080/jenkins/"/>
    <property name="ProgramData" value="C:\ProgramData"/>
    <property name="java.specification.vendor" value="Oracle Corporation"/>
    <property name="USERPROFILE" value="C:\Users\nirupam.ghosh"/>
    <property name="CLASSPATH" value=""/>
    <property name="java.vendor.url" value="http://java.oracle.com/"/>
    <property name="java.library.path" value="C:\Java\jdk1.7.0_71\bin;C:\Windows\Sun\Java\bin;C:\Windows\system32;C:\Windows;C:\maven/bin;C:\Java\jdk1.7.0_71/bin;C:\Java\jdk1.7.0_71/bin;C:\Perl64\site\bin;C:\Perl64\bin;C:\Program Files (x86)\Intel\iCLS Client\;C:\Program Files\Intel\iCLS Client\;C:\Windows\system32;C:\Windows;C:\Windows\System32\Wbem;C:\Windows\System32\WindowsPowerShell\v1.0\;C:\PROGRA~2\CA\SC\CAM\bin;C:\Program Files\Intel\Intel(R) Management Engine Components\DAL;C:\Program Files (x86)\Intel\Intel(R) Management Engine Components\DAL;C:\Program Files\Intel\Intel(R) Management Engine Components\IPT;C:\Program Files (x86)\Intel\Intel(R) Management Engine Components\IPT;C:\Program Files (x86)\ATI Technologies\ATI.ACE\Core-Static;C:\Java\jdk1.7.0_71\bin;E:\Nirupam\Note-2\ANT\apache-ant-1.9.4\bin;C:\Strawberry\perl\bin;C:\Strawberry\perl\site\bin;C:\Strawberry\c\bin;D:\Android\adt-bundle-windows-x86_64-20140702\sdk\platform-tools;D:\Android\adt-bundle-windows-x86_64-20140702\sdk\platforms;C:\Program Files\TortoiseSVN\bin;C:\Program Files (x86)\Coverity\Coverity Static Analysis\bin;C:\Program Files (x86)\Microsoft Visual Studio 9.0\Common7\IDE;C:\Program Files (x86)\Microsoft Visual Studio 9.0\VC\vcpackages;D:\Coverity Report Generation\curl;C:\Program Files\MySQL\MySQL Server 5.6\bin;C:\Program Files\MySQL\MySQL Server 5.5\bin;C:\xampp\mysql\bin\mysqld.exe;C:\Program Files\nodejs\;C:\maven\bin;D:\Android\adt-bundle-windows-x86_64-20140702\sdk\tools;C:\Program Files (x86)\QuickTime\QTSystem\;C:\Program Files (x86)\Common Files\Apple\Apple Application Support;C:\Program Files (x86)\Common Files\Apple\CoreFP;C:\Program Files (x86)\Common Files\Apple\Mobile Device Support;C:\maven\bin;D:\TestLinkSetup\php;C:\wget\;C:\Program Files (x86)\MySQL\MySQL Server 5.1\bin;C:\Program Files (x86)\Skype\Phone\;C:\Users\nirupam.ghosh\AppData\Roaming\npm;C:\Program Files (x86)\Sikuli X\libs;bin;."/>
    <property name="CAI_MSQ" value="C:\Program Files (x86)\CA\SC\CAM"/>
    <property name="java.vm.vendor" value="Oracle Corporation"/>
    <property name="APPDATA" value="C:\Users\nirupam.ghosh\AppData\Roaming"/>
    <property name="SIKULI_HOME" value="C:\Program Files (x86)\Sikuli X\"/>
    <property name="java.runtime.name" value="Java(TM) SE Runtime Environment"/>
    <property name="maven.home" value="C:\maven"/>
    <property name="java.class.path" value="C:\Users\nirupam.ghosh\.jenkins\plugins\maven-plugin\WEB-INF\lib\maven31-agent-1.5.jar;C:\maven\boot\plexus-classworlds-2.5.2.jar;C:\maven/conf/logging"/>
    <property name="sun.java.command" value="jenkins.maven3.agent.Maven31Main C:\maven C:\Users\nirupam.ghosh\.jenkins\war\WEB-INF\lib\remoting-2.50.jar C:\Users\nirupam.ghosh\.jenkins\plugins\maven-plugin\WEB-INF\lib\maven31-interceptor-1.5.jar C:\Users\nirupam.ghosh\.jenkins\plugins\maven-plugin\WEB-INF\lib\maven3-interceptor-commons-1.5.jar 64767"/>
    <property name="Path" value="C:\Java\jdk1.7.0_71/bin;C:\Perl64\site\bin;C:\Perl64\bin;C:\Program Files (x86)\Intel\iCLS Client\;C:\Program Files\Intel\iCLS Client\;C:\Windows\system32;C:\Windows;C:\Windows\System32\Wbem;C:\Windows\System32\WindowsPowerShell\v1.0\;C:\PROGRA~2\CA\SC\CAM\bin;C:\Program Files\Intel\Intel(R) Management Engine Components\DAL;C:\Program Files (x86)\Intel\Intel(R) Management Engine Components\DAL;C:\Program Files\Intel\Intel(R) Management Engine Components\IPT;C:\Program Files (x86)\Intel\Intel(R) Management Engine Components\IPT;C:\Program Files (x86)\ATI Technologies\ATI.ACE\Core-Static;C:\Java\jdk1.7.0_71\bin;E:\Nirupam\Note-2\ANT\apache-ant-1.9.4\bin;C:\Strawberry\perl\bin;C:\Strawberry\perl\site\bin;C:\Strawberry\c\bin;D:\Android\adt-bundle-windows-x86_64-20140702\sdk\platform-tools;D:\Android\adt-bundle-windows-x86_64-20140702\sdk\platforms;C:\Program Files\TortoiseSVN\bin;C:\Program Files (x86)\Coverity\Coverity Static Analysis\bin;C:\Program Files (x86)\Microsoft Visual Studio 9.0\Common7\IDE;C:\Program Files (x86)\Microsoft Visual Studio 9.0\VC\vcpackages;D:\Coverity Report Generation\curl;C:\Program Files\MySQL\MySQL Server 5.6\bin;C:\Program Files\MySQL\MySQL Server 5.5\bin;C:\xampp\mysql\bin\mysqld.exe;C:\Program Files\nodejs\;C:\maven\bin;D:\Android\adt-bundle-windows-x86_64-20140702\sdk\tools;C:\Program Files (x86)\QuickTime\QTSystem\;C:\Program Files (x86)\Common Files\Apple\Apple Application Support;C:\Program Files (x86)\Common Files\Apple\CoreFP;C:\Program Files (x86)\Common Files\Apple\Mobile Device Support;C:\maven\bin;D:\TestLinkSetup\php;C:\wget\;C:\Program Files (x86)\MySQL\MySQL Server 5.1\bin;C:\Program Files (x86)\Skype\Phone\;C:\Users\nirupam.ghosh\AppData\Roaming\npm;C:\Program Files (x86)\Sikuli X\libs;bin"/>
    <property name="java.vm.specification.name" value="Java Virtual Machine Specification"/>
    <property name="PROCESSOR_ARCHITECTURE" value="AMD64"/>
    <property name="PATH+JDK" value="C:\Java\jdk1.7.0_71/bin"/>
    <property name="PROCESSOR_IDENTIFIER" value="Intel64 Family 6 Model 60 Stepping 3, GenuineIntel"/>
    <property name="SESSIONNAME" value="Console"/>
    <property name="java.vm.specification.version" value="1.7"/>
    <property name="sun.os.patch.level" value="Service Pack 1"/>
    <property name="sun.cpu.endian" value="little"/>
    <property name="M2_HOME" value="C:\maven"/>
    <property name="java.io.tmpdir" value="C:\Users\NIRUPA~1.GHO\AppData\Local\Temp\"/>
    <property name="OS" value="Windows_NT"/>
    <property name="HUDSON_HOME" value="C:\Users\nirupam.ghosh\.jenkins"/>
    <property name="PATH+MAVEN" value="C:\maven/bin"/>
    <property name="ProgramFiles(x86)" value="C:\Program Files (x86)"/>
    <property name="BUILD_URL" value="http://localhost:8080/jenkins/job/WebdriverTest/1/"/>
    <property name="java.vendor.url.bug" value="http://bugreport.sun.com/bugreport/"/>
    <property name="java.awt.graphicsenv" value="sun.awt.Win32GraphicsEnvironment"/>
    <property name="os.arch" value="amd64"/>
    <property name="SystemRoot" value="C:\Windows"/>
    <property name="windows_tracing_flags" value="3"/>
    <property name="java.ext.dirs" value="C:\Java\jdk1.7.0_71\jre\lib\ext;C:\Windows\Sun\Java\lib\ext"/>
    <property name="user.dir" value="C:\Users\nirupam.ghosh\workspace_practice_1\WebdriverTest"/>
    <property name="JOB_URL" value="http://localhost:8080/jenkins/job/WebdriverTest/"/>
    <property name="LOGONSERVER" value="\\BTWPIDOM03"/>
    <property name="USERDOMAIN" value="SATS"/>
    <property name="line.separator" value="
"/>
    <property name="MAVEN_HOME" value="C:\maven"/>
    <property name="java.vm.name" value="Java HotSpot(TM) 64-Bit Server VM"/>
    <property name="BUILD_NUMBER" value="1"/>
    <property name="JENKINS_URL" value="http://localhost:8080/jenkins/"/>
    <property name="PROCESSOR_REVISION" value="3c03"/>
    <property name="UATDATA" value="C:\Windows\CCM\UATData\D9F8C395-CAB8-491d-B8AC-179A1FE1BE77"/>
    <property name="ProgramW6432" value="C:\Program Files"/>
    <property name="windir" value="C:\Windows"/>
    <property name="=C:" value="C:\Windows\System32"/>
    <property name="file.encoding" value="Cp1252"/>
    <property name="SystemDrive" value="C:"/>
    <property name="maven3.interceptor" value="C:\Users\nirupam.ghosh\.jenkins\plugins\maven-plugin\WEB-INF\lib\maven31-interceptor-1.5.jar"/>
    <property name="WORKSPACE" value="C:\Users\nirupam.ghosh\.jenkins\jobs\WebdriverTest\workspace"/>
    <property name="maven3.interceptor.common" value="C:\Users\nirupam.ghosh\.jenkins\plugins\maven-plugin\WEB-INF\lib\maven3-interceptor-commons-1.5.jar"/>
    <property name="java.specification.version" value="1.7"/>
    <property name="PSModulePath" value="C:\Windows\system32\WindowsPowerShell\v1.0\Modules\"/>
  </properties>
  <testcase time="13.244" classname="example.NewTest" name="testEasy"/>
</testsuite>