<?xml version="1.0" encoding="UTF-8"?>
<!-- Generated by org.testng.reporters.JUnitReportReporter -->
<testsuite hostname="IN3648-01" name="example.NewTest" tests="1" failures="0" timestamp="11 Jan 2016 17:20:18 GMT" time="7.377" errors="0">
  <testcase name="testEasy" time="7.377" classname="example.NewTest"/>
</testsuite> <!-- example.NewTest -->
