<?xml version="1.0" encoding="UTF-8"?>
<!-- Generated by org.testng.reporters.JUnitReportReporter -->
<testsuite hostname="IN3648-01" name="example.NewTest" tests="1" failures="0" timestamp="12 Jan 2016 02:12:52 GMT" time="13.245" errors="0">
  <testcase name="testEasy" time="13.245" classname="example.NewTest"/>
</testsuite> <!-- example.NewTest -->
